<?xml version="1.0" encoding="UTF-8"?>
<!-- Generated by org.testng.reporters.JUnitReportReporter -->
<testsuite name="com.fdc.automationDemo.browserLaunch.launchingBrowser" tests="1" time="11.475" ignored="0" failures="0" timestamp="02 Feb 2018 20:41:25 GMT" skipped="0" hostname="Admin-PC" errors="0">
  <testcase name="getBrowser" time="11.475" classname="com.fdc.automationDemo.browserLaunch.launchingBrowser"/>
</testsuite> <!-- com.fdc.automationDemo.browserLaunch.launchingBrowser -->
